<?xml version="1.0" encoding="UTF-8"?>
<!-- Generated by org.testng.reporters.JUnitReportReporter -->
<testsuite hostname="DESKTOP-N60QB27" failures="0" tests="1" name="request.GetRequest3" time="1.366" errors="0" timestamp="2022-12-21T11:08:50 IST" skipped="0">
  <testcase classname="request.GetRequest3" name="getRequest" time="1.366"/>
  <system-out/>
</testsuite> <!-- request.GetRequest3 -->
