<?xml version="1.0" encoding="UTF-8"?>
<!-- Generated by org.testng.reporters.JUnitReportReporter -->
<testsuite hostname="DESKTOP-N60QB27" failures="0" tests="1" name="request.GetRequest2" time="2.078" errors="0" timestamp="2022-12-21T11:54:21 IST" skipped="0">
  <testcase classname="request.GetRequest2" name="getRequest" time="2.078"/>
  <system-out/>
</testsuite> <!-- request.GetRequest2 -->
